<?xml version="1.0" encoding="UTF-8"?>
<!-- Generated by org.testng.reporters.JUnitReportReporter -->
<testsuite hostname="LAPTOP-8LKPNUO4" failures="0" tests="1" name="testCases.CheckoutPageTest" time="20.794" errors="0" timestamp="2021-06-22T00:32:48 EDT" skipped="0">
  <testcase classname="testCases.CheckoutPageTest" name="buySomething" time="20.794"/>
  <system-out/>
</testsuite> <!-- testCases.CheckoutPageTest -->
