<?xml version="1.0" encoding="UTF-8"?>
<!-- Generated by org.testng.reporters.JUnitReportReporter -->
<testsuite hostname="LAPTOP-8LKPNUO4" failures="0" tests="1" name="testCases.HomePageTest" time="5.484" errors="0" timestamp="2021-06-22T23:25:09 EDT" skipped="0">
  <testcase classname="testCases.HomePageTest" name="goToLoginPage" time="5.484"/>
  <system-out/>
</testsuite> <!-- testCases.HomePageTest -->
