<?xml version="1.0" encoding="UTF-8"?>
<!-- Generated by org.testng.reporters.JUnitReportReporter -->
<testsuite hostname="LAPTOP-8LKPNUO4" failures="0" tests="1" name="testCases.RegisterPageTest" time="8.411" errors="0" timestamp="2021-06-15T00:21:24 EDT" skipped="0">
  <testcase classname="testCases.RegisterPageTest" name="enterInformation" time="8.411"/>
  <system-out/>
</testsuite> <!-- testCases.RegisterPageTest -->
