<?xml version="1.0" encoding="UTF-8"?>
<!-- Generated by org.testng.reporters.JUnitReportReporter -->
<testsuite hostname="LAPTOP-8LKPNUO4" failures="0" tests="1" name="testCases.TshirtsPageTest" time="6.257" errors="0" timestamp="2021-06-22T20:11:17 EDT" skipped="0">
  <testcase classname="testCases.TshirtsPageTest" name="AddToWishlist" time="6.257"/>
  <system-out/>
</testsuite> <!-- testCases.TshirtsPageTest -->
